<?xml version="1.0" encoding="UTF-8"?>
<!-- Generated by org.testng.reporters.JUnitReportReporter -->
<testsuite ignored="0" hostname="DESKTOP-07P8Q28" failures="0" tests="1" name="tests.GeneralStore_AddMultipleProducts" time="33.507" errors="0" timestamp="07 Mar 2022 12:48:37 GMT" skipped="0">
  <testcase classname="tests.GeneralStore_AddMultipleProducts" name="test_addFourProducts" time="33.507"/>
</testsuite> <!-- tests.GeneralStore_AddMultipleProducts -->
