<?xml version="1.0" encoding="UTF-8"?>
<!-- Generated by org.testng.reporters.JUnitReportReporter -->
<testsuite ignored="0" hostname="DESKTOP-07P8Q28" failures="0" tests="1" name="tests.Preference_ListPreference" time="21.352" errors="0" timestamp="19 Apr 2022 13:05:09 GMT" skipped="0">
  <testcase classname="tests.Preference_ListPreference" name="testListPreference" time="21.352"/>
</testsuite> <!-- tests.Preference_ListPreference -->
