<?xml version="1.0" encoding="UTF-8"?>
<!-- Generated by org.testng.reporters.JUnitReportReporter -->
<testsuite ignored="0" hostname="DESKTOP-07P8Q28" failures="0" tests="1" name="tests.Vysor" time="14.841" errors="0" timestamp="28 Jun 2022 04:44:24 GMT" skipped="0">
  <testcase classname="tests.Vysor" name="getVysorInfo" time="14.841"/>
</testsuite> <!-- tests.Vysor -->
