<?xml version="1.0" encoding="UTF-8"?>
<!-- Generated by org.testng.reporters.JUnitReportReporter -->
<testsuite ignored="0" hostname="DESKTOP-07P8Q28" failures="0" tests="1" name="tests.APIDemos_View_SecureView" time="45.244" errors="0" timestamp="24 May 2022 05:36:22 GMT" skipped="0">
  <testcase classname="tests.APIDemos_View_SecureView" name="testSecureView" time="45.244"/>
</testsuite> <!-- tests.APIDemos_View_SecureView -->
