<?xml version="1.0" encoding="UTF-8"?>
<!-- Generated by org.testng.reporters.JUnitReportReporter -->
<testsuite ignored="0" hostname="DESKTOP-07P8Q28" failures="0" tests="1" name="tests.APIDemos_CheckBoxAndRadioButton" time="26.954" errors="0" timestamp="02 Nov 2021 12:29:54 GMT" skipped="0">
  <testcase classname="tests.APIDemos_CheckBoxAndRadioButton" name="testAPIDemo" time="26.954"/>
</testsuite> <!-- tests.APIDemos_CheckBoxAndRadioButton -->
