<?xml version="1.0" encoding="UTF-8"?>
<!-- Generated by org.testng.reporters.JUnitReportReporter -->
<testsuite ignored="0" hostname="DESKTOP-07P8Q28" failures="0" tests="1" name="tests.APIDemos_OS_RotationVector" time="19.099" errors="0" timestamp="04 May 2022 04:31:44 GMT" skipped="0">
  <testcase classname="tests.APIDemos_OS_RotationVector" name="testRotationVector" time="19.099"/>
</testsuite> <!-- tests.APIDemos_OS_RotationVector -->
