<?xml version="1.0" encoding="UTF-8"?>
<!-- Generated by org.testng.reporters.JUnitReportReporter -->
<testsuite ignored="0" hostname="DESKTOP-07P8Q28" failures="0" tests="1" name="tests.APIDemos_ExpandableList" time="16.436" errors="0" timestamp="14 Feb 2022 13:09:33 GMT" skipped="0">
  <testcase classname="tests.APIDemos_ExpandableList" name="testExpandableList" time="16.436"/>
</testsuite> <!-- tests.APIDemos_ExpandableList -->
