<?xml version="1.0" encoding="UTF-8"?>
<!-- Generated by org.testng.reporters.JUnitReportReporter -->
<testsuite ignored="0" hostname="DESKTOP-07P8Q28" failures="0" tests="1" name="tests.APIDemos_GetCurrentTime" time="22.185" errors="0" timestamp="06 Feb 2022 16:30:11 GMT" skipped="0">
  <testcase classname="tests.APIDemos_GetCurrentTime" name="getCurrentTime" time="22.185"/>
</testsuite> <!-- tests.APIDemos_GetCurrentTime -->
