<?xml version="1.0" encoding="UTF-8"?>
<!-- Generated by org.testng.reporters.JUnitReportReporter -->
<testsuite ignored="0" hostname="DESKTOP-07P8Q28" failures="0" tests="1" name="tests.GeneralStore_Test1" time="17.571" errors="0" timestamp="27 Dec 2021 11:23:19 GMT" skipped="0">
  <testcase classname="tests.GeneralStore_Test1" name="testLoginWithoutUserNameScenario" time="17.571"/>
</testsuite> <!-- tests.GeneralStore_Test1 -->
