<?xml version="1.0" encoding="UTF-8"?>
<!-- Generated by org.testng.reporters.JUnitReportReporter -->
<testsuite ignored="0" hostname="DESKTOP-07P8Q28" failures="0" tests="1" name="tests.DialANumberScript" time="24.414" errors="0" timestamp="06 Oct 2021 13:45:08 GMT" skipped="0">
  <testcase classname="tests.DialANumberScript" name="testDialANumber" time="24.414"/>
</testsuite> <!-- tests.DialANumberScript -->
