<?xml version="1.0" encoding="UTF-8"?>
<!-- Generated by org.testng.reporters.JUnitReportReporter -->
<testsuite ignored="0" hostname="DESKTOP-07P8Q28" failures="0" tests="1" name="tests.Zoom_Test" time="22.606" errors="0" timestamp="21 Jun 2022 04:21:48 GMT" skipped="0">
  <testcase classname="tests.Zoom_Test" name="joinWithInvalidId" time="22.606"/>
</testsuite> <!-- tests.Zoom_Test -->
