<?xml version="1.0" encoding="UTF-8"?>
<!-- Generated by org.testng.reporters.JUnitReportReporter -->
<testsuite ignored="0" hostname="DESKTOP-07P8Q28" failures="0" tests="1" name="tests.GeneralStore_Emulator" time="25.334" errors="0" timestamp="26 Apr 2022 10:34:51 GMT" skipped="0">
  <testcase classname="tests.GeneralStore_Emulator" name="addProductToCart" time="25.334"/>
</testsuite> <!-- tests.GeneralStore_Emulator -->
