<?xml version="1.0" encoding="UTF-8"?>
<!-- Generated by org.testng.reporters.JUnitReportReporter -->
<testsuite ignored="0" hostname="DESKTOP-07P8Q28" failures="0" tests="1" name="tests.MMT" time="49.778" errors="0" timestamp="26 Nov 2021 15:48:30 GMT" skipped="0">
  <testcase classname="tests.MMT" name="testMMT" time="49.778"/>
</testsuite> <!-- tests.MMT -->
