<?xml version="1.0" encoding="UTF-8"?>
<!-- Generated by org.testng.reporters.JUnitReportReporter -->
<testsuite ignored="0" hostname="DESKTOP-07P8Q28" failures="0" tests="1" name="tests.MMT" time="26.370" errors="0" timestamp="23 Nov 2021 13:10:15 GMT" skipped="0">
  <testcase classname="tests.MMT" name="testMMT" time="26.370"/>
</testsuite> <!-- tests.MMT -->
