<?xml version="1.0" encoding="UTF-8"?>
<!-- Generated by org.testng.reporters.JUnitReportReporter -->
<testsuite ignored="0" hostname="DESKTOP-07P8Q28" failures="0" tests="1" name="tests.WhartonTest" time="42.947" errors="0" timestamp="07 Jun 2022 04:29:26 GMT" skipped="0">
  <testcase classname="tests.WhartonTest" name="getWhartonMotto" time="42.947"/>
</testsuite> <!-- tests.WhartonTest -->
