<?xml version="1.0" encoding="UTF-8"?>
<!-- Generated by org.testng.reporters.JUnitReportReporter -->
<testsuite ignored="0" hostname="DESKTOP-07P8Q28" failures="0" tests="1" name="tests.Camera_Tests" time="61.412" errors="0" timestamp="26 Oct 2021 13:46:15 GMT" skipped="0">
  <testcase classname="tests.Camera_Tests" name="testAndroidUIApp" time="61.412"/>
</testsuite> <!-- tests.Camera_Tests -->
