<?xml version="1.0" encoding="UTF-8"?>
<!-- Generated by org.testng.reporters.JUnitReportReporter -->
<testsuite ignored="0" hostname="DESKTOP-07P8Q28" failures="0" tests="1" name="tests.BrowserTest_MaaVaishnoDevi" time="29.128" errors="0" timestamp="06 Nov 2021 14:01:02 GMT" skipped="0">
  <testcase classname="tests.BrowserTest_MaaVaishnoDevi" name="testPlanAYatra" time="29.128"/>
</testsuite> <!-- tests.BrowserTest_MaaVaishnoDevi -->
