<?xml version="1.0" encoding="UTF-8"?>
<!-- Generated by org.testng.reporters.JUnitReportReporter -->
<testsuite ignored="0" hostname="DESKTOP-07P8Q28" failures="0" tests="1" name="tests.Contacts_Emulator" time="42.655" errors="0" timestamp="26 Oct 2021 13:29:34 GMT" skipped="0">
  <testcase classname="tests.Contacts_Emulator" name="getContactDetails" time="42.655"/>
</testsuite> <!-- tests.Contacts_Emulator -->
