<?xml version="1.0" encoding="UTF-8"?>
<!-- Generated by org.testng.reporters.JUnitReportReporter -->
<testsuite ignored="0" hostname="DESKTOP-07P8Q28" failures="0" tests="1" name="tests.APIDemos_LogTextBox" time="21.502" errors="0" timestamp="29 Apr 2022 08:57:35 GMT" skipped="0">
  <testcase classname="tests.APIDemos_LogTextBox" name="testLogTextBox" time="21.502"/>
</testsuite> <!-- tests.APIDemos_LogTextBox -->
