<?xml version="1.0" encoding="UTF-8"?>
<!-- Generated by org.testng.reporters.JUnitReportReporter -->
<testsuite ignored="0" hostname="DESKTOP-07P8Q28" failures="0" tests="1" name="tests.APIDemos_Animation_ViewFlip" time="20.872" errors="0" timestamp="07 Aug 2022 13:39:20 GMT" skipped="0">
  <testcase classname="tests.APIDemos_Animation_ViewFlip" name="testViewFlip" time="20.872"/>
</testsuite> <!-- tests.APIDemos_Animation_ViewFlip -->
