<?xml version="1.0" encoding="UTF-8"?>
<!-- Generated by org.testng.reporters.JUnitReportReporter -->
<testsuite ignored="0" hostname="DESKTOP-07P8Q28" failures="0" tests="1" name="tests.APIDemos_GameController" time="17.530" errors="0" timestamp="26 Jul 2022 08:45:18 GMT" skipped="0">
  <testcase classname="tests.APIDemos_GameController" name="testGameController" time="17.530"/>
</testsuite> <!-- tests.APIDemos_GameController -->
