<?xml version="1.0" encoding="UTF-8"?>
<!-- Generated by org.testng.reporters.JUnitReportReporter -->
<testsuite ignored="0" hostname="DESKTOP-07P8Q28" failures="0" tests="1" name="tests.PharmeasyTest" time="44.961" errors="0" timestamp="06 Dec 2021 14:19:40 GMT" skipped="0">
  <testcase classname="tests.PharmeasyTest" name="testPharmeasy" time="44.961"/>
</testsuite> <!-- tests.PharmeasyTest -->
