<?xml version="1.0" encoding="UTF-8"?>
<!-- Generated by org.testng.reporters.JUnitReportReporter -->
<testsuite ignored="0" hostname="DESKTOP-07P8Q28" failures="0" tests="1" name="tests.APIDemos_Views_Animation_3DTransition" time="28.425" errors="0" timestamp="31 May 2022 06:02:12 GMT" skipped="0">
  <testcase classname="tests.APIDemos_Views_Animation_3DTransition" name="test3DTransition" time="28.425"/>
</testsuite> <!-- tests.APIDemos_Views_Animation_3DTransition -->
