<?xml version="1.0" encoding="UTF-8"?>
<!-- Generated by org.testng.reporters.JUnitReportReporter -->
<testsuite ignored="0" hostname="DESKTOP-07P8Q28" failures="0" tests="1" name="tests.Adidas_Test" time="29.830" errors="0" timestamp="22 Feb 2022 12:48:16 GMT" skipped="0">
  <testcase classname="tests.Adidas_Test" name="testAdidas" time="29.830"/>
</testsuite> <!-- tests.Adidas_Test -->
