<?xml version="1.0" encoding="UTF-8"?>
<!-- Generated by org.testng.reporters.JUnitReportReporter -->
<testsuite ignored="0" hostname="DESKTOP-07P8Q28" failures="0" tests="1" name="tests.CalendarTest" time="15.776" errors="0" timestamp="01 Mar 2022 14:04:53 GMT" skipped="0">
  <testcase classname="tests.CalendarTest" name="getAllHolidaysInCurrentMonth" time="15.776"/>
</testsuite> <!-- tests.CalendarTest -->
