<?xml version="1.0" encoding="UTF-8"?>
<!-- Generated by org.testng.reporters.JUnitReportReporter -->
<testsuite ignored="0" hostname="DESKTOP-07P8Q28" failures="0" tests="1" name="tests.TeraData" time="34.774" errors="0" timestamp="15 Mar 2022 14:11:03 GMT" skipped="0">
  <testcase classname="tests.TeraData" name="getCareerInformation" time="34.774"/>
</testsuite> <!-- tests.TeraData -->
