<?xml version="1.0" encoding="UTF-8"?>
<!-- Generated by org.testng.reporters.JUnitReportReporter -->
<testsuite ignored="0" hostname="DESKTOP-07P8Q28" failures="0" tests="1" name="tests.CalculatorTest" time="14.531" errors="0" timestamp="25 Sep 2021 15:28:37 GMT" skipped="0">
  <testcase classname="tests.CalculatorTest" name="testCalculator" time="14.531"/>
</testsuite> <!-- tests.CalculatorTest -->
