<?xml version="1.0" encoding="UTF-8"?>
<!-- Generated by org.testng.reporters.JUnitReportReporter -->
<testsuite ignored="0" hostname="DESKTOP-07P8Q28" failures="0" tests="1" name="tests.AppiumMobileSiteTest" time="28.145" errors="0" timestamp="29 Apr 2022 09:07:01 GMT" skipped="0">
  <testcase classname="tests.AppiumMobileSiteTest" name="testAppiumMobileApp" time="28.145"/>
</testsuite> <!-- tests.AppiumMobileSiteTest -->
