<?xml version="1.0" encoding="UTF-8"?>
<!-- Generated by org.testng.reporters.JUnitReportReporter -->
<testsuite ignored="0" hostname="DESKTOP-07P8Q28" failures="0" tests="1" name="tests.SamsungMax" time="14.244" errors="0" timestamp="28 Jun 2022 04:36:56 GMT" skipped="0">
  <testcase classname="tests.SamsungMax" name="getPrivacyProtectionInfo" time="14.244"/>
</testsuite> <!-- tests.SamsungMax -->
