<?xml version="1.0" encoding="UTF-8"?>
<!-- Generated by org.testng.reporters.JUnitReportReporter -->
<testsuite ignored="0" hostname="DESKTOP-07P8Q28" failures="0" tests="1" name="tests.APIDemos_Tabs" time="27.662" errors="0" timestamp="17 May 2022 04:25:11 GMT" skipped="0">
  <testcase classname="tests.APIDemos_Tabs" name="testTabs" time="27.662"/>
</testsuite> <!-- tests.APIDemos_Tabs -->
