<?xml version="1.0" encoding="UTF-8"?>
<!-- Generated by org.testng.reporters.JUnitReportReporter -->
<testsuite ignored="0" hostname="DESKTOP-07P8Q28" failures="0" tests="1" name="tests.APIDemos_OS_SMS_Messaging" time="13.908" errors="0" timestamp="05 Apr 2022 11:23:06 GMT" skipped="0">
  <testcase classname="tests.APIDemos_OS_SMS_Messaging" name="testSMSMessaging" time="13.908"/>
</testsuite> <!-- tests.APIDemos_OS_SMS_Messaging -->
