<?xml version="1.0" encoding="UTF-8"?>
<!-- Generated by org.testng.reporters.JUnitReportReporter -->
<testsuite ignored="0" hostname="DESKTOP-07P8Q28" failures="0" tests="1" name="tests.APIDemos_Animation_MultipleProperties" time="20.903" errors="0" timestamp="12 Jul 2022 11:53:50 GMT" skipped="0">
  <testcase classname="tests.APIDemos_Animation_MultipleProperties" name="testMultipleProperties" time="20.903"/>
</testsuite> <!-- tests.APIDemos_Animation_MultipleProperties -->
