<?xml version="1.0" encoding="UTF-8"?>
<!-- Generated by org.testng.reporters.JUnitReportReporter -->
<testsuite ignored="0" hostname="DESKTOP-07P8Q28" failures="0" tests="1" name="tests.APIDemos_Graphics_Arcs" time="22.537" errors="0" timestamp="09 Aug 2022 12:48:32 GMT" skipped="0">
  <testcase classname="tests.APIDemos_Graphics_Arcs" name="testGraphicsArcs" time="22.537"/>
</testsuite> <!-- tests.APIDemos_Graphics_Arcs -->
