<?xml version="1.0" encoding="UTF-8"?>
<!-- Generated by org.testng.reporters.JUnitReportReporter -->
<testsuite ignored="0" hostname="DESKTOP-07P8Q28" failures="0" tests="1" name="tests.AarogyaSetuTest" time="15.787" errors="0" timestamp="22 Mar 2022 11:51:12 GMT" skipped="0">
  <testcase classname="tests.AarogyaSetuTest" name="testAarogyaSetuApp" time="15.787"/>
</testsuite> <!-- tests.AarogyaSetuTest -->
