<?xml version="1.0" encoding="UTF-8"?>
<!-- Generated by org.testng.reporters.JUnitReportReporter -->
<testsuite ignored="0" hostname="DESKTOP-07P8Q28" failures="0" tests="1" name="tests.Contacts_Emulator" time="35.917" errors="0" timestamp="19 Oct 2021 14:41:47 GMT" skipped="0">
  <testcase classname="tests.Contacts_Emulator" name="getContactDetails" time="35.917"/>
</testsuite> <!-- tests.Contacts_Emulator -->
