<?xml version="1.0" encoding="UTF-8"?>
<!-- Generated by org.testng.reporters.JUnitReportReporter -->
<testsuite ignored="0" hostname="DESKTOP-07P8Q28" failures="0" tests="1" name="tests.AppiumMobileSiteTest" time="25.322" errors="0" timestamp="01 Feb 2022 12:19:04 GMT" skipped="0">
  <testcase classname="tests.AppiumMobileSiteTest" name="testAppiumMobileApp" time="25.322"/>
</testsuite> <!-- tests.AppiumMobileSiteTest -->
