<?xml version="1.0" encoding="UTF-8"?>
<!-- Generated by org.testng.reporters.JUnitReportReporter -->
<testsuite ignored="0" hostname="DESKTOP-07P8Q28" failures="0" tests="1" name="tests.APIDemos_AlertDialog" time="21.459" errors="0" timestamp="30 Jun 2022 07:04:33 GMT" skipped="0">
  <testcase classname="tests.APIDemos_AlertDialog" name="testOKCancelDialog" time="21.459"/>
</testsuite> <!-- tests.APIDemos_AlertDialog -->
