<?xml version="1.0" encoding="UTF-8"?>
<!-- Generated by org.testng.reporters.JUnitReportReporter -->
<testsuite ignored="0" hostname="DESKTOP-07P8Q28" failures="0" tests="1" name="tests.Emulator_ClockTest" time="18.692" errors="0" timestamp="21 Dec 2021 12:12:32 GMT" skipped="0">
  <testcase classname="tests.Emulator_ClockTest" name="testStopWatch" time="18.692"/>
</testsuite> <!-- tests.Emulator_ClockTest -->
