<?xml version="1.0" encoding="UTF-8"?>
<!-- Generated by org.testng.reporters.JUnitReportReporter -->
<testsuite ignored="0" hostname="DESKTOP-07P8Q28" failures="0" tests="1" name="tests.Guru99Test" time="28.612" errors="0" timestamp="16 Nov 2021 12:23:00 GMT" skipped="0">
  <testcase classname="tests.Guru99Test" name="testIframeScenarios" time="28.612"/>
</testsuite> <!-- tests.Guru99Test -->
