<?xml version="1.0" encoding="UTF-8"?>
<!-- Generated by org.testng.reporters.JUnitReportReporter -->
<testsuite ignored="0" hostname="DESKTOP-07P8Q28" failures="0" tests="1" name="tests.GeneralStore_AddMultipleProducts" time="46.221" errors="0" timestamp="07 Aug 2022 13:12:30 GMT" skipped="0">
  <testcase classname="tests.GeneralStore_AddMultipleProducts" name="test_addFourProducts" time="46.221"/>
</testsuite> <!-- tests.GeneralStore_AddMultipleProducts -->
