<?xml version="1.0" encoding="UTF-8"?>
<!-- Generated by org.testng.reporters.JUnitReportReporter -->
<testsuite ignored="0" hostname="DESKTOP-07P8Q28" failures="0" tests="1" name="tests.APIDemos_Animation_Reversing" time="24.500" errors="0" timestamp="29 Mar 2022 13:20:56 GMT" skipped="0">
  <testcase classname="tests.APIDemos_Animation_Reversing" name="testAnimationReversing" time="24.500"/>
</testsuite> <!-- tests.APIDemos_Animation_Reversing -->
