<?xml version="1.0" encoding="UTF-8"?>
<!-- Generated by org.testng.reporters.JUnitReportReporter -->
<testsuite ignored="0" hostname="DESKTOP-07P8Q28" failures="0" tests="1" name="tests.SendSMSTest" time="32.725" errors="0" timestamp="12 Oct 2021 12:58:31 GMT" skipped="0">
  <testcase classname="tests.SendSMSTest" name="testSendSMSFunction" time="32.725"/>
</testsuite> <!-- tests.SendSMSTest -->
