<?xml version="1.0" encoding="UTF-8"?>
<!-- Generated by org.testng.reporters.JUnitReportReporter -->
<testsuite ignored="0" hostname="DESKTOP-07P8Q28" failures="0" tests="1" name="tests.APIDemos_Views_Spinners" time="32.871" errors="0" timestamp="10 May 2022 03:49:03 GMT" skipped="0">
  <testcase classname="tests.APIDemos_Views_Spinners" name="testDropDown" time="32.871"/>
</testsuite> <!-- tests.APIDemos_Views_Spinners -->
