<?xml version="1.0" encoding="UTF-8"?>
<!-- Generated by org.testng.reporters.JUnitReportReporter -->
<testsuite ignored="0" hostname="DESKTOP-07P8Q28" failures="0" tests="1" name="tests.APIDemos_Views_Spinners" time="35.640" errors="0" timestamp="07 Aug 2022 13:31:23 GMT" skipped="0">
  <testcase classname="tests.APIDemos_Views_Spinners" name="testDropDown" time="35.640"/>
</testsuite> <!-- tests.APIDemos_Views_Spinners -->
