<?xml version="1.0" encoding="UTF-8"?>
<!-- Generated by org.testng.reporters.JUnitReportReporter -->
<testsuite ignored="0" hostname="DESKTOP-07P8Q28" failures="0" tests="1" name="tests.APIDemos_Animation_ViewFlip" time="20.592" errors="0" timestamp="05 Jul 2022 04:26:45 GMT" skipped="0">
  <testcase classname="tests.APIDemos_Animation_ViewFlip" name="testViewFlip" time="20.592"/>
</testsuite> <!-- tests.APIDemos_Animation_ViewFlip -->
