<?xml version="1.0" encoding="UTF-8"?>
<!-- Generated by org.testng.reporters.JUnitReportReporter -->
<testsuite ignored="0" hostname="DESKTOP-07P8Q28" failures="0" tests="1" name="tests.GeneralStore_AddProductToCart" time="41.592" errors="0" timestamp="25 Jan 2022 13:42:36 GMT" skipped="0">
  <testcase classname="tests.GeneralStore_AddProductToCart" name="addProductToCart" time="41.592"/>
</testsuite> <!-- tests.GeneralStore_AddProductToCart -->
