<?xml version="1.0" encoding="UTF-8"?>
<!-- Generated by org.testng.reporters.JUnitReportReporter -->
<testsuite ignored="0" hostname="DESKTOP-07P8Q28" failures="0" tests="1" name="tests.PGATour_Test" time="53.075" errors="0" timestamp="19 Jul 2022 11:30:33 GMT" skipped="0">
  <testcase classname="tests.PGATour_Test" name="getTheFedExCupLeader" time="53.075"/>
</testsuite> <!-- tests.PGATour_Test -->
