<?xml version="1.0" encoding="UTF-8"?>
<!-- Generated by org.testng.reporters.JUnitReportReporter -->
<testsuite ignored="0" hostname="DESKTOP-07P8Q28" failures="0" tests="1" name="tests.AirtelTest" time="12.584" errors="0" timestamp="06 Dec 2021 13:00:25 GMT" skipped="0">
  <testcase classname="tests.AirtelTest" name="testAirtel" time="12.584"/>
</testsuite> <!-- tests.AirtelTest -->
