<?xml version="1.0" encoding="UTF-8"?>
<!-- Generated by org.testng.reporters.JUnitReportReporter -->
<testsuite ignored="0" hostname="DESKTOP-07P8Q28" failures="0" tests="1" name="tests.Adidas_Test" time="33.996" errors="0" timestamp="31 May 2022 06:04:13 GMT" skipped="0">
  <testcase classname="tests.Adidas_Test" name="testAdidas" time="33.996"/>
</testsuite> <!-- tests.Adidas_Test -->
