<?xml version="1.0" encoding="UTF-8"?>
<!-- Generated by org.testng.reporters.JUnitReportReporter -->
<testsuite ignored="0" hostname="DESKTOP-07P8Q28" failures="0" tests="1" name="tests.BrowserTest_MaaVaishnoDevi" time="44.316" errors="0" timestamp="30 Jun 2022 07:04:05 GMT" skipped="0">
  <testcase classname="tests.BrowserTest_MaaVaishnoDevi" name="testPlanAYatra" time="44.316"/>
</testsuite> <!-- tests.BrowserTest_MaaVaishnoDevi -->
