<?xml version="1.0" encoding="UTF-8"?>
<!-- Generated by org.testng.reporters.JUnitReportReporter -->
<testsuite ignored="0" hostname="DESKTOP-07P8Q28" failures="0" tests="1" name="tests.GeneralStore_AddTwoProducts" time="30.975" errors="0" timestamp="18 Jan 2022 10:12:25 GMT" skipped="0">
  <testcase classname="tests.GeneralStore_AddTwoProducts" name="testAddMultipleProductsToBasket" time="30.975"/>
</testsuite> <!-- tests.GeneralStore_AddTwoProducts -->
